<?xml version="1.0" encoding="utf-8"?><testsuite errors="0" failures="0" name="pytest" skipped="0" tests="7" time="33.950"><testcase classname="test_dir.test_baidu.TestSearch" file="test_dir\test_baidu.py" line="11" name="test_baidu_search_case" time="8.728"></testcase><testcase classname="test_dir.test_baidu.TestSearch" file="test_dir\test_baidu.py" line="28" name="test_baidu_search[case1]" time="2.528"></testcase><testcase classname="test_dir.test_baidu.TestSearch" file="test_dir\test_baidu.py" line="28" name="test_baidu_search[case2]" time="2.563"></testcase><testcase classname="test_dir.test_baidu.TestSearch" file="test_dir\test_baidu.py" line="28" name="test_baidu_search[case3]" time="2.600"></testcase><testcase classname="test_dir.test_baidu.TestSearchSettings" file="test_dir\test_baidu.py" line="48" name="test_baidu_search_setting" time="11.185"></testcase><testcase classname="test_dir.test_parametrize" file="test_dir\test_parametrize.py" line="19" name="test_baidu_search[1-Selenium]" time="2.531"></testcase><testcase classname="test_dir.test_parametrize" file="test_dir\test_parametrize.py" line="19" name="test_baidu_search[2-poium]" time="3.756"></testcase></testsuite>